[01m[K/root/TEAM_AIM/src/mission_2/src/control_cav_mission_2.cpp:[m[K In function â€˜[01m[Kvoid change_csv_state(int, int, std::shared_ptr<rclcpp::Node>)[m[Kâ€™:
[01m[K/root/TEAM_AIM/src/mission_2/src/control_cav_mission_2.cpp:580:27:[m[K [01;35m[Kwarning: [m[Kunused parameter â€˜[01m[Kcav_id[m[Kâ€™ [[01;35m[K-Wunused-parameter[m[K]
  580 | void change_csv_state([01;35m[Kint cav_id[m[K, int new_lane, std::shared_ptr<rclcpp::Node> node) {
      |                       [01;35m[K~~~~^~~~~~[m[K
[01m[K/root/TEAM_AIM/src/mission_2/src/control_cav_mission_2.cpp:[m[K In lambda function:
[01m[K/root/TEAM_AIM/src/mission_2/src/control_cav_mission_2.cpp:1003:17:[m[K [01;31m[Kerror: [m[Kâ€˜[01m[KFCA_collision_flag[m[Kâ€™ was not declared in this scope; did you mean â€˜[01m[Kfca_collision_flag[m[Kâ€™?
 1003 |             if ([01;31m[KFCA_collision_flag[m[K){
      |                 [01;31m[K^~~~~~~~~~~~~~~~~~[m[K
      |                 [32m[Kfca_collision_flag[m[K
make[2]: *** [CMakeFiles/control_cav_mission_2.dir/build.make:63: CMakeFiles/control_cav_mission_2.dir/src/control_cav_mission_2.cpp.o] Error 1
make[1]: *** [CMakeFiles/Makefile2:78: CMakeFiles/control_cav_mission_2.dir/all] Error 2
make: *** [Makefile:141: all] Error 2
