-- Found ament_cmake: 0.9.12 (/opt/ros/foxy/share/ament_cmake/cmake)
-- Using PYTHON_EXECUTABLE: /usr/bin/python3
-- Found rclcpp: 2.4.3 (/opt/ros/foxy/share/rclcpp/cmake)
-- Using all available rosidl_typesupport_c: rosidl_typesupport_fastrtps_c;rosidl_typesupport_introspection_c
-- Found rosidl_adapter: 1.3.1 (/opt/ros/foxy/share/rosidl_adapter/cmake)
-- Using all available rosidl_typesupport_cpp: rosidl_typesupport_fastrtps_cpp;rosidl_typesupport_introspection_cpp
-- Found rmw_implementation_cmake: 1.0.4 (/opt/ros/foxy/share/rmw_implementation_cmake/cmake)
-- Using RMW implementation 'rmw_fastrtps_cpp' as default
-- Found geometry_msgs: 2.0.5 (/opt/ros/foxy/share/geometry_msgs/cmake)
-- Found visualization_msgs: 2.0.5 (/opt/ros/foxy/share/visualization_msgs/cmake)
-- Found tf2: 0.13.14 (/opt/ros/foxy/share/tf2/cmake)
-- Found ament_index_cpp: 1.1.0 (/opt/ros/foxy/share/ament_index_cpp/cmake)
-- Configuring done
-- Generating done
-- Build files have been written to: /root/TEAM_AIM/build/mission_2
[ 50%] [32mBuilding CXX object CMakeFiles/control_cav_mission_2.dir/src/control_cav_mission_2.cpp.o[0m
[01m[K/root/TEAM_AIM/src/mission_2/src/control_cav_mission_2.cpp:[m[K In function â€˜[01m[Kvoid change_csv_state(int, int, std::shared_ptr<rclcpp::Node>)[m[Kâ€™:
[01m[K/root/TEAM_AIM/src/mission_2/src/control_cav_mission_2.cpp:580:27:[m[K [01;35m[Kwarning: [m[Kunused parameter â€˜[01m[Kcav_id[m[Kâ€™ [[01;35m[K-Wunused-parameter[m[K]
  580 | void change_csv_state([01;35m[Kint cav_id[m[K, int new_lane, std::shared_ptr<rclcpp::Node> node) {
      |                       [01;35m[K~~~~^~~~~~[m[K
[01m[K/root/TEAM_AIM/src/mission_2/src/control_cav_mission_2.cpp:[m[K In lambda function:
[01m[K/root/TEAM_AIM/src/mission_2/src/control_cav_mission_2.cpp:1003:17:[m[K [01;31m[Kerror: [m[Kâ€˜[01m[KFCA_collision_flag[m[Kâ€™ was not declared in this scope; did you mean â€˜[01m[Kfca_collision_flag[m[Kâ€™?
 1003 |             if ([01;31m[KFCA_collision_flag[m[K){
      |                 [01;31m[K^~~~~~~~~~~~~~~~~~[m[K
      |                 [32m[Kfca_collision_flag[m[K
make[2]: *** [CMakeFiles/control_cav_mission_2.dir/build.make:63: CMakeFiles/control_cav_mission_2.dir/src/control_cav_mission_2.cpp.o] Error 1
make[1]: *** [CMakeFiles/Makefile2:78: CMakeFiles/control_cav_mission_2.dir/all] Error 2
make: *** [Makefile:141: all] Error 2
