[0.072s] Invoking command in '/root/TEAM_AIM/build/mission_2': CMAKE_PREFIX_PATH=/opt/ros/foxy /usr/bin/cmake /root/TEAM_AIM/src/mission_2 -DBUILD_TESTING=OFF -DCMAKE_INSTALL_PREFIX=/root/TEAM_AIM/install/mission_2
[0.092s] -- Found ament_cmake: 0.9.12 (/opt/ros/foxy/share/ament_cmake/cmake)
[0.131s] -- Using PYTHON_EXECUTABLE: /usr/bin/python3
[0.404s] -- Found rclcpp: 2.4.3 (/opt/ros/foxy/share/rclcpp/cmake)
[0.476s] -- Using all available rosidl_typesupport_c: rosidl_typesupport_fastrtps_c;rosidl_typesupport_introspection_c
[0.484s] -- Found rosidl_adapter: 1.3.1 (/opt/ros/foxy/share/rosidl_adapter/cmake)
[0.766s] -- Using all available rosidl_typesupport_cpp: rosidl_typesupport_fastrtps_cpp;rosidl_typesupport_introspection_cpp
[0.851s] -- Found rmw_implementation_cmake: 1.0.4 (/opt/ros/foxy/share/rmw_implementation_cmake/cmake)
[0.853s] -- Using RMW implementation 'rmw_fastrtps_cpp' as default
[1.089s] -- Found geometry_msgs: 2.0.5 (/opt/ros/foxy/share/geometry_msgs/cmake)
[1.158s] -- Found visualization_msgs: 2.0.5 (/opt/ros/foxy/share/visualization_msgs/cmake)
[1.284s] -- Found tf2: 0.13.14 (/opt/ros/foxy/share/tf2/cmake)
[1.302s] -- Found ament_index_cpp: 1.1.0 (/opt/ros/foxy/share/ament_index_cpp/cmake)
[1.428s] -- Configuring done
[1.456s] -- Generating done
[1.462s] -- Build files have been written to: /root/TEAM_AIM/build/mission_2
[1.478s] Invoked command in '/root/TEAM_AIM/build/mission_2' returned '0': CMAKE_PREFIX_PATH=/opt/ros/foxy /usr/bin/cmake /root/TEAM_AIM/src/mission_2 -DBUILD_TESTING=OFF -DCMAKE_INSTALL_PREFIX=/root/TEAM_AIM/install/mission_2
[1.485s] Invoking command in '/root/TEAM_AIM/build/mission_2': CMAKE_PREFIX_PATH=/opt/ros/foxy /usr/bin/cmake --build /root/TEAM_AIM/build/mission_2 -- -j16 -l16
[1.632s] [ 50%] [32mBuilding CXX object CMakeFiles/control_cav_mission_2.dir/src/control_cav_mission_2.cpp.o[0m
[4.348s] [01m[K/root/TEAM_AIM/src/mission_2/src/control_cav_mission_2.cpp:[m[K In function â€˜[01m[Kvoid change_csv_state(int, int, std::shared_ptr<rclcpp::Node>)[m[Kâ€™:
[4.349s] [01m[K/root/TEAM_AIM/src/mission_2/src/control_cav_mission_2.cpp:580:27:[m[K [01;35m[Kwarning: [m[Kunused parameter â€˜[01m[Kcav_id[m[Kâ€™ [[01;35m[K-Wunused-parameter[m[K]
[4.350s]   580 | void change_csv_state([01;35m[Kint cav_id[m[K, int new_lane, std::shared_ptr<rclcpp::Node> node) {
[4.350s]       |                       [01;35m[K~~~~^~~~~~[m[K
[4.446s] [01m[K/root/TEAM_AIM/src/mission_2/src/control_cav_mission_2.cpp:[m[K In lambda function:
[4.446s] [01m[K/root/TEAM_AIM/src/mission_2/src/control_cav_mission_2.cpp:1003:17:[m[K [01;31m[Kerror: [m[Kâ€˜[01m[KFCA_collision_flag[m[Kâ€™ was not declared in this scope; did you mean â€˜[01m[Kfca_collision_flag[m[Kâ€™?
[4.447s]  1003 |             if ([01;31m[KFCA_collision_flag[m[K){
[4.447s]       |                 [01;31m[K^~~~~~~~~~~~~~~~~~[m[K
[4.448s]       |                 [32m[Kfca_collision_flag[m[K
[8.942s] make[2]: *** [CMakeFiles/control_cav_mission_2.dir/build.make:63: CMakeFiles/control_cav_mission_2.dir/src/control_cav_mission_2.cpp.o] Error 1
[8.943s] make[1]: *** [CMakeFiles/Makefile2:78: CMakeFiles/control_cav_mission_2.dir/all] Error 2
[8.944s] make: *** [Makefile:141: all] Error 2
[8.955s] Invoked command in '/root/TEAM_AIM/build/mission_2' returned '2': CMAKE_PREFIX_PATH=/opt/ros/foxy /usr/bin/cmake --build /root/TEAM_AIM/build/mission_2 -- -j16 -l16
