[0.017s] Invoking command in '/root/TEAM_AIM/build/mission_3': CMAKE_PREFIX_PATH=/opt/ros/foxy /usr/bin/cmake /root/TEAM_AIM/src/mission_3 -DBUILD_TESTING=OFF -DCMAKE_INSTALL_PREFIX=/root/TEAM_AIM/install/mission_3
[0.032s] -- Found ament_cmake: 0.9.12 (/opt/ros/foxy/share/ament_cmake/cmake)
[0.051s] -- Using PYTHON_EXECUTABLE: /usr/bin/python3
[0.157s] -- Found rclcpp: 2.4.3 (/opt/ros/foxy/share/rclcpp/cmake)
[0.180s] -- Using all available rosidl_typesupport_c: rosidl_typesupport_fastrtps_c;rosidl_typesupport_introspection_c
[0.182s] -- Found rosidl_adapter: 1.3.1 (/opt/ros/foxy/share/rosidl_adapter/cmake)
[0.288s] -- Using all available rosidl_typesupport_cpp: rosidl_typesupport_fastrtps_cpp;rosidl_typesupport_introspection_cpp
[0.320s] -- Found rmw_implementation_cmake: 1.0.4 (/opt/ros/foxy/share/rmw_implementation_cmake/cmake)
[0.321s] -- Using RMW implementation 'rmw_fastrtps_cpp' as default
[0.406s] -- Found geometry_msgs: 2.0.5 (/opt/ros/foxy/share/geometry_msgs/cmake)
[0.424s] -- Found visualization_msgs: 2.0.5 (/opt/ros/foxy/share/visualization_msgs/cmake)
[0.468s] -- Found tf2: 0.13.14 (/opt/ros/foxy/share/tf2/cmake)
[0.473s] -- Found ament_index_cpp: 1.1.0 (/opt/ros/foxy/share/ament_index_cpp/cmake)
[0.518s] -- Configuring done
[0.531s] -- Generating done
[0.533s] -- Build files have been written to: /root/TEAM_AIM/build/mission_3
[0.540s] Invoked command in '/root/TEAM_AIM/build/mission_3' returned '0': CMAKE_PREFIX_PATH=/opt/ros/foxy /usr/bin/cmake /root/TEAM_AIM/src/mission_3 -DBUILD_TESTING=OFF -DCMAKE_INSTALL_PREFIX=/root/TEAM_AIM/install/mission_3
[0.543s] Invoking command in '/root/TEAM_AIM/build/mission_3': CMAKE_PREFIX_PATH=/opt/ros/foxy /usr/bin/cmake --build /root/TEAM_AIM/build/mission_3 -- -j16 -l16
[0.592s] [35m[1mScanning dependencies of target control_cav_mission_3[0m
[0.615s] [ 50%] Built target control_tower_mission_3
[0.630s] [ 75%] [32mBuilding CXX object CMakeFiles/control_cav_mission_3.dir/src/control_cav_mission_3.cpp.o[0m
[1.612s] [01m[K/root/TEAM_AIM/src/mission_3/src/control_cav_mission_3.cpp:[m[K In function â€˜[01m[Kbool isCorner(const std::vector<integrate_path_struct>&, double, int)[m[Kâ€™:
[1.613s] [01m[K/root/TEAM_AIM/src/mission_3/src/control_cav_mission_3.cpp:282:12:[m[K [01;35m[Kwarning: [m[Kunused variable â€˜[01m[Kdiff_deg[m[Kâ€™ [[01;35m[K-Wunused-variable[m[K]
[1.613s]   282 |     double [01;35m[Kdiff_deg[m[K = diff * (180.0 / M_PI);
[1.613s]       |            [01;35m[K^~~~~~~~[m[K
[1.613s] [01m[K/root/TEAM_AIM/src/mission_3/src/control_cav_mission_3.cpp:247:82:[m[K [01;35m[Kwarning: [m[Kunused parameter â€˜[01m[KL_d[m[Kâ€™ [[01;35m[K-Wunused-parameter[m[K]
[1.613s]   247 | bool isCorner(const vector<integrate_path_struct>& integrate_path_vector, [01;35m[Kdouble L_d[m[K, int closest_idx) {
[1.613s]       |                                                                           [01;35m[K~~~~~~~^~~[m[K
[1.614s] [01m[K/root/TEAM_AIM/src/mission_3/src/control_cav_mission_3.cpp:[m[K In function â€˜[01m[Kbool CheckAllFinished(const std::vector<CavState>&)[m[Kâ€™:
[1.614s] [01m[K/root/TEAM_AIM/src/mission_3/src/control_cav_mission_3.cpp:308:23:[m[K [01;35m[Kwarning: [m[Kcomparison of integer expressions of different signedness: â€˜[01m[Kint[m[Kâ€™ and â€˜[01m[Kstd::vector<CavState>::size_type[m[Kâ€™ {aka â€˜[01m[Klong unsigned int[m[Kâ€™} [[01;35m[K-Wsign-compare[m[K]
[1.614s]   308 |     for (int i = 0; [01;35m[Ki < cav_list.size()[m[K; ++i) {
[1.614s]       |                     [01;35m[K~~^~~~~~~~~~~~~~~~~[m[K
[1.614s] [01m[K/root/TEAM_AIM/src/mission_3/src/control_cav_mission_3.cpp:314:24:[m[K [01;35m[Kwarning: [m[Kcomparison of integer expressions of different signedness: â€˜[01m[Kint[m[Kâ€™ and â€˜[01m[Kstd::vector<CavState>::size_type[m[Kâ€™ {aka â€˜[01m[Klong unsigned int[m[Kâ€™} [[01;35m[K-Wsign-compare[m[K]
[1.614s]   314 |     if ([01;35m[Kfinished_count == cav_list.size() - 1[m[K) {
[1.614s]       |         [01;35m[K~~~~~~~~~~~~~~~^~~~~~~~~~~~~~~~~~~~~~[m[K
[1.614s] [01m[K/root/TEAM_AIM/src/mission_3/src/control_cav_mission_3.cpp:307:14:[m[K [01;35m[Kwarning: [m[Kvariable â€˜[01m[Kcurrent_cav[m[Kâ€™ set but not used [[01;35m[K-Wunused-but-set-variable[m[K]
[1.614s]   307 |     CavState [01;35m[Kcurrent_cav[m[K = cav_list[0]; // ìž„ì‹œ ë³€ìˆ˜ ì„ ì–¸
[1.614s]       |              [01;35m[K^~~~~~~~~~~[m[K
[1.627s] [01m[K/root/TEAM_AIM/src/mission_3/src/control_cav_mission_3.cpp:[m[K In function â€˜[01m[Kint main(int, char**)[m[Kâ€™:
[1.627s] [01m[K/root/TEAM_AIM/src/mission_3/src/control_cav_mission_3.cpp:429:26:[m[K [01;31m[Kerror: [m[Kâ€˜[01m[Kament_index_cpp[m[Kâ€™ has not been declared
[1.627s]   429 |     std::string prefix = [01;31m[Kament_index_cpp[m[K::get_package_prefix("mission_3");
[1.627s]       |                          [01;31m[K^~~~~~~~~~~~~~~[m[K
[3.385s] make[2]: *** [CMakeFiles/control_cav_mission_3.dir/build.make:63: CMakeFiles/control_cav_mission_3.dir/src/control_cav_mission_3.cpp.o] Error 1
[3.385s] make[1]: *** [CMakeFiles/Makefile2:107: CMakeFiles/control_cav_mission_3.dir/all] Error 2
[3.385s] make: *** [Makefile:141: all] Error 2
[3.388s] Invoked command in '/root/TEAM_AIM/build/mission_3' returned '2': CMAKE_PREFIX_PATH=/opt/ros/foxy /usr/bin/cmake --build /root/TEAM_AIM/build/mission_3 -- -j16 -l16
